<?xml version="1.0" encoding="UTF-8"?>
<testng-results skipped="0" failed="0" ignored="0" total="1" passed="1">
  <reporter-output>
    <line>
      <![CDATA[hiii]]>
    </line>
  </reporter-output>
  <suite name="Suite" duration-ms="68" started-at="2018-12-03T14:58:41 IST" finished-at="2018-12-03T14:58:41 IST">
    <groups>
    </groups>
    <test name="Test" duration-ms="68" started-at="2018-12-03T14:58:41 IST" finished-at="2018-12-03T14:58:41 IST">
      <class name="MavenDemo.MavenDemo">
        <test-method status="PASS" signature="demo()[pri:0, instance:MavenDemo.MavenDemo@4f933fd1]" name="demo" duration-ms="5" started-at="2018-12-03T14:58:41 IST" finished-at="2018-12-03T14:58:41 IST">
          <reporter-output>
            <line>
              <![CDATA[hiii]]>
            </line>
          </reporter-output>
        </test-method> <!-- demo -->
      </class> <!-- MavenDemo.MavenDemo -->
    </test> <!-- Test -->
  </suite> <!-- Suite -->
</testng-results>
