<?xml version="1.0" encoding="UTF-8"?>
<testng-results skipped="0" failed="0" ignored="0" total="1" passed="1">
  <reporter-output>
    <line>
      <![CDATA[hiii]]>
    </line>
  </reporter-output>
  <suite name="Default suite" duration-ms="27" started-at="2018-12-03T09:30:33Z" finished-at="2018-12-03T09:30:34Z">
    <groups>
    </groups>
    <test name="Default test" duration-ms="27" started-at="2018-12-03T09:30:33Z" finished-at="2018-12-03T09:30:34Z">
      <class name="MavenDemo.MavenDemo">
        <test-method status="PASS" signature="demo()[pri:0, instance:MavenDemo.MavenDemo@5b275dab]" name="demo" duration-ms="7" started-at="2018-12-03T09:30:34Z" finished-at="2018-12-03T09:30:34Z">
          <reporter-output>
            <line>
              <![CDATA[hiii]]>
            </line>
          </reporter-output>
        </test-method> <!-- demo -->
      </class> <!-- MavenDemo.MavenDemo -->
    </test> <!-- Default test -->
  </suite> <!-- Default suite -->
</testng-results>
